# JRE version: OpenJDK Runtime Environment (11.0+28) (build 11+28)
# Java VM: OpenJDK 64-Bit Server VM (11+28, mixed mode, tiered, compressed oops, g1 gc, windows-amd64)
Heap:
 garbage-first heap   total 196608K, used 53860K [0x0000000760e00000, 0x0000000800000000)
  region size 1024K, 39 young (39936K), 13 survivors (13312K)
 Metaspace       used 73582K, capacity 75456K, committed 75480K, reserved 1114112K
  class space    used 9225K, capacity 9962K, committed 9984K, reserved 1048576K
GC Heap History (10 events):
Event: 5.886 GC heap before
{Heap before GC invocations=5 (full 0):
 garbage-first heap   total 163840K, used 100499K [0x0000000760e00000, 0x0000000800000000)
  region size 1024K, 96 young (98304K), 8 survivors (8192K)
 Metaspace       used 35367K, capacity 36497K, committed 36736K, reserved 1081344K
  class space    used 4162K, capacity 4609K, committed 4736K, reserved 1048576K
}
Event: 5.899 GC heap after
{Heap after GC invocations=6 (full 0):
 garbage-first heap   total 163840K, used 15591K [0x0000000760e00000, 0x0000000800000000)
  region size 1024K, 9 young (9216K), 9 survivors (9216K)
 Metaspace       used 35367K, capacity 36497K, committed 36736K, reserved 1081344K
  class space    used 4162K, capacity 4609K, committed 4736K, reserved 1048576K
}
Event: 6.770 GC heap before
{Heap before GC invocations=6 (full 0):
 garbage-first heap   total 163840K, used 103655K [0x0000000760e00000, 0x0000000800000000)
  region size 1024K, 96 young (98304K), 9 survivors (9216K)
 Metaspace       used 43047K, capacity 44235K, committed 44544K, reserved 1087488K
  class space    used 5051K, capacity 5523K, committed 5632K, reserved 1048576K
}
Event: 6.781 GC heap after
{Heap after GC invocations=7 (full 0):
 garbage-first heap   total 196608K, used 18771K [0x0000000760e00000, 0x0000000800000000)
  region size 1024K, 8 young (8192K), 8 survivors (8192K)
 Metaspace       used 43047K, capacity 44235K, committed 44544K, reserved 1087488K
  class space    used 5051K, capacity 5523K, committed 5632K, reserved 1048576K
}
Event: 7.078 GC heap before
{Heap before GC invocations=7 (full 0):
 garbage-first heap   total 196608K, used 33107K [0x0000000760e00000, 0x0000000800000000)
  region size 1024K, 23 young (23552K), 8 survivors (8192K)
 Metaspace       used 44287K, capacity 45588K, committed 45656K, reserved 1089536K
  class space    used 5223K, capacity 5718K, committed 5760K, reserved 1048576K
}
Event: 7.090 GC heap after
{Heap after GC invocations=8 (full 0):
 garbage-first heap   total 196608K, used 19557K [0x0000000760e00000, 0x0000000800000000)
  region size 1024K, 9 young (9216K), 9 survivors (9216K)
 Metaspace       used 44287K, capacity 45588K, committed 45656K, reserved 1089536K
  class space    used 5223K, capacity 5718K, committed 5760K, reserved 1048576K
}
Event: 9.921 GC heap before
{Heap before GC invocations=9 (full 0):
 garbage-first heap   total 196608K, used 119909K [0x0000000760e00000, 0x0000000800000000)
  region size 1024K, 107 young (109568K), 9 survivors (9216K)
 Metaspace       used 59149K, capacity 60613K, committed 60760K, reserved 1101824K
  class space    used 7411K, capacity 7968K, committed 8064K, reserved 1048576K
}
Event: 9.933 GC heap after
{Heap after GC invocations=10 (full 0):
 garbage-first heap   total 196608K, used 22301K [0x0000000760e00000, 0x0000000800000000)
  region size 1024K, 7 young (7168K), 7 survivors (7168K)
 Metaspace       used 59149K, capacity 60613K, committed 60760K, reserved 1101824K
  class space    used 7411K, capacity 7968K, committed 8064K, reserved 1048576K
}
Event: 52.976 GC heap before
{Heap before GC invocations=10 (full 0):
 garbage-first heap   total 196608K, used 130845K [0x0000000760e00000, 0x0000000800000000)
  region size 1024K, 113 young (115712K), 7 survivors (7168K)
 Metaspace       used 72994K, capacity 74893K, committed 75224K, reserved 1114112K
  class space    used 9176K, capacity 9889K, committed 9984K, reserved 1048576K
}
Event: 52.987 GC heap after
{Heap after GC invocations=11 (full 0):
 garbage-first heap   total 196608K, used 28260K [0x0000000760e00000, 0x0000000800000000)
  region size 1024K, 13 young (13312K), 13 survivors (13312K)
 Metaspace       used 72994K, capacity 74893K, committed 75224K, reserved 1114112K
  class space    used 9176K, capacity 9889K, committed 9984K, reserved 1048576K
}

