# JRE version: OpenJDK Runtime Environment (11.0+28) (build 11+28)
# Java VM: OpenJDK 64-Bit Server VM (11+28, mixed mode, tiered, compressed oops, g1 gc, windows-amd64)
Heap:
 garbage-first heap   total 163840K, used 94349K [0x0000000760e00000, 0x0000000800000000)
  region size 1024K, 79 young (80896K), 8 survivors (8192K)
 Metaspace       used 66817K, capacity 68487K, committed 68608K, reserved 1107968K
  class space    used 8469K, capacity 9130K, committed 9216K, reserved 1048576K
GC Heap History (10 events):
Event: 13.003 GC heap before
{Heap before GC invocations=4 (full 0):
 garbage-first heap   total 163840K, used 94724K [0x0000000760e00000, 0x0000000800000000)
  region size 1024K, 85 young (87040K), 1 survivors (1024K)
 Metaspace       used 28641K, capacity 29493K, committed 29824K, reserved 1075200K
  class space    used 3274K, capacity 3609K, committed 3712K, reserved 1048576K
}
Event: 13.010 GC heap after
{Heap after GC invocations=5 (full 0):
 garbage-first heap   total 163840K, used 11808K [0x0000000760e00000, 0x0000000800000000)
  region size 1024K, 3 young (3072K), 3 survivors (3072K)
 Metaspace       used 28641K, capacity 29493K, committed 29824K, reserved 1075200K
  class space    used 3274K, capacity 3609K, committed 3712K, reserved 1048576K
}
Event: 17.520 GC heap before
{Heap before GC invocations=5 (full 0):
 garbage-first heap   total 163840K, used 52768K [0x0000000760e00000, 0x0000000800000000)
  region size 1024K, 44 young (45056K), 3 survivors (3072K)
 Metaspace       used 34641K, capacity 35679K, committed 35840K, reserved 1081344K
  class space    used 4090K, capacity 4504K, committed 4608K, reserved 1048576K
}
Event: 17.531 GC heap after
{Heap after GC invocations=6 (full 0):
 garbage-first heap   total 163840K, used 14885K [0x0000000760e00000, 0x0000000800000000)
  region size 1024K, 6 young (6144K), 6 survivors (6144K)
 Metaspace       used 34641K, capacity 35679K, committed 35840K, reserved 1081344K
  class space    used 4090K, capacity 4504K, committed 4608K, reserved 1048576K
}
Event: 18.988 GC heap before
{Heap before GC invocations=7 (full 0):
 garbage-first heap   total 163840K, used 96805K [0x0000000760e00000, 0x0000000800000000)
  region size 1024K, 87 young (89088K), 6 survivors (6144K)
 Metaspace       used 35996K, capacity 37102K, committed 37248K, reserved 1081344K
  class space    used 4225K, capacity 4681K, committed 4736K, reserved 1048576K
}
Event: 18.996 GC heap after
{Heap after GC invocations=8 (full 0):
 garbage-first heap   total 163840K, used 15937K [0x0000000760e00000, 0x0000000800000000)
  region size 1024K, 7 young (7168K), 7 survivors (7168K)
 Metaspace       used 35996K, capacity 37102K, committed 37248K, reserved 1081344K
  class space    used 4225K, capacity 4681K, committed 4736K, reserved 1048576K
}
Event: 41.357 GC heap before
{Heap before GC invocations=8 (full 0):
 garbage-first heap   total 163840K, used 100929K [0x0000000760e00000, 0x0000000800000000)
  region size 1024K, 91 young (93184K), 7 survivors (7168K)
 Metaspace       used 49972K, capacity 51286K, committed 51456K, reserved 1093632K
  class space    used 6050K, capacity 6587K, committed 6656K, reserved 1048576K
}
Event: 41.368 GC heap after
{Heap after GC invocations=9 (full 0):
 garbage-first heap   total 163840K, used 20573K [0x0000000760e00000, 0x0000000800000000)
  region size 1024K, 11 young (11264K), 11 survivors (11264K)
 Metaspace       used 49972K, capacity 51286K, committed 51456K, reserved 1093632K
  class space    used 6050K, capacity 6587K, committed 6656K, reserved 1048576K
}
Event: 52.765 GC heap before
{Heap before GC invocations=9 (full 0):
 garbage-first heap   total 163840K, used 78941K [0x0000000760e00000, 0x0000000800000000)
  region size 1024K, 69 young (70656K), 11 survivors (11264K)
 Metaspace       used 58690K, capacity 60055K, committed 60160K, reserved 1101824K
  class space    used 7328K, capacity 7864K, committed 7936K, reserved 1048576K
}
Event: 52.783 GC heap after
{Heap after GC invocations=10 (full 0):
 garbage-first heap   total 163840K, used 22669K [0x0000000760e00000, 0x0000000800000000)
  region size 1024K, 8 young (8192K), 8 survivors (8192K)
 Metaspace       used 58690K, capacity 60055K, committed 60160K, reserved 1101824K
  class space    used 7328K, capacity 7864K, committed 7936K, reserved 1048576K
}

